<?xml version="1.0" encoding="UTF-8"?>
<!-- Generated by org.testng.reporters.JUnitXMLReporter -->
<testsuite ignored="0" hostname="DESKTOP-HDJ8QBL" failures="0" tests="4" name="Default test" time="152.842" errors="0" timestamp="2024-07-19T21:29:35 GMT-07:00">
  <testcase classname="test.HomePageTest" name="checkIfUserIsAbleToClickOnFirstSubTypeOfDomain" time="28.009"/>
  <testcase classname="test.HomePageTest" name="checkIfUserIsAbleToClickOnFirstSubTypeOfWebsitesAndHosting" time="32.497"/>
  <testcase classname="test.HomePageTest" name="checkIfUserIsAbleToClickOnFirstSubTypeOfSecuritySslCertificate" time="36.305"/>
  <testcase classname="test.HomePageTest" name="checkIfUserIsAbleToClickOnFirstSubTypeOfMarketingDigitalMarketing" time="22.82"/>
</testsuite> <!-- Default test -->
