<?xml version="1.0" encoding="UTF-8"?>
<testng-results ignored="0" total="4" passed="4" failed="0" skipped="0">
  <reporter-output>
  </reporter-output>
  <suite started-at="2024-07-19T21:27:02 GMT-07:00" name="Default suite" finished-at="2024-07-19T21:29:35 GMT-07:00" duration-ms="152842">
    <groups>
    </groups>
    <test started-at="2024-07-19T21:27:02 GMT-07:00" name="Default test" finished-at="2024-07-19T21:29:35 GMT-07:00" duration-ms="152842">
      <class name="test.HomePageTest">
        <test-method is-config="true" signature="openApplication()[pri:0, instance:test.HomePageTest@6a78afa0]" started-at="2024-07-19T21:27:02 GMT-07:00" name="openApplication" finished-at="2024-07-19T21:27:35 GMT-07:00" duration-ms="32516" status="PASS">
          <reporter-output>
          </reporter-output>
        </test-method> <!-- openApplication -->
        <test-method signature="checkIfUserIsAbleToClickOnFirstSubTypeOfDomain()[pri:1, instance:test.HomePageTest@6a78afa0]" started-at="2024-07-19T21:27:35 GMT-07:00" name="checkIfUserIsAbleToClickOnFirstSubTypeOfDomain" finished-at="2024-07-19T21:28:03 GMT-07:00" duration-ms="28009" status="PASS">
          <reporter-output>
          </reporter-output>
        </test-method> <!-- checkIfUserIsAbleToClickOnFirstSubTypeOfDomain -->
        <test-method signature="checkIfUserIsAbleToClickOnFirstSubTypeOfWebsitesAndHosting()[pri:2, instance:test.HomePageTest@6a78afa0]" started-at="2024-07-19T21:28:03 GMT-07:00" name="checkIfUserIsAbleToClickOnFirstSubTypeOfWebsitesAndHosting" finished-at="2024-07-19T21:28:36 GMT-07:00" duration-ms="32497" status="PASS">
          <reporter-output>
          </reporter-output>
        </test-method> <!-- checkIfUserIsAbleToClickOnFirstSubTypeOfWebsitesAndHosting -->
        <test-method signature="checkIfUserIsAbleToClickOnFirstSubTypeOfSecuritySslCertificate()[pri:3, instance:test.HomePageTest@6a78afa0]" started-at="2024-07-19T21:28:36 GMT-07:00" name="checkIfUserIsAbleToClickOnFirstSubTypeOfSecuritySslCertificate" finished-at="2024-07-19T21:29:12 GMT-07:00" duration-ms="36305" status="PASS">
          <reporter-output>
          </reporter-output>
        </test-method> <!-- checkIfUserIsAbleToClickOnFirstSubTypeOfSecuritySslCertificate -->
        <test-method signature="checkIfUserIsAbleToClickOnFirstSubTypeOfMarketingDigitalMarketing()[pri:4, instance:test.HomePageTest@6a78afa0]" started-at="2024-07-19T21:29:12 GMT-07:00" name="checkIfUserIsAbleToClickOnFirstSubTypeOfMarketingDigitalMarketing" finished-at="2024-07-19T21:29:35 GMT-07:00" duration-ms="22820" status="PASS">
          <reporter-output>
          </reporter-output>
        </test-method> <!-- checkIfUserIsAbleToClickOnFirstSubTypeOfMarketingDigitalMarketing -->
      </class> <!-- test.HomePageTest -->
    </test> <!-- Default test -->
  </suite> <!-- Default suite -->
</testng-results>
